<?xml version="1.0" encoding="UTF-8"?>
<!-- Generated by org.testng.reporters.JUnitReportReporter -->
<testsuite hostname="binsonPc" failures="0" tests="1" name="testPkg.test2" time="8.205" errors="0" timestamp="2021-02-22T19:22:50 EST" skipped="0">
  <testcase classname="testPkg.test2" name="f" time="8.205"/>
  <system-out/>
</testsuite> <!-- testPkg.test2 -->
