<?xml version="1.0" encoding="UTF-8"?>
<!-- Generated by org.testng.reporters.JUnitReportReporter -->
<testsuite hostname="binsonPc" failures="0" tests="1" name="Registration.Registered" time="5.908" errors="0" timestamp="2021-02-22T18:23:36 EST" skipped="0">
  <testcase classname="Registration.Registered" name="Test1" time="5.908"/>
  <system-out/>
</testsuite> <!-- Registration.Registered -->
